<?xml version="1.0" encoding="utf-8"?><testsuites name="pytest tests"><testsuite name="pytest" errors="0" failures="0" skipped="0" tests="21" time="11.854" timestamp="2026-06-01T11:36:01.974108+00:00" hostname="agent-env-80ff5706-7de4-4dec-9ef5-d5faeffc207d"><testcase classname="backend.tests.test_hack_and_npcs.TestRegression" name="test_root" time="0.198" /><testcase classname="backend.tests.test_hack_and_npcs.TestRegression" name="test_auth_me" time="0.443" /><testcase classname="backend.tests.test_hack_and_npcs.TestRegression" name="test_character" time="0.050" /><testcase classname="backend.tests.test_hack_and_npcs.TestRegression" name="test_dashboard" time="0.051" /><testcase classname="backend.tests.test_hack_and_npcs.TestRegression" name="test_chapters" time="0.050" /><testcase classname="backend.tests.test_hack_and_npcs.TestRegression" name="test_inventory" time="0.052" /><testcase classname="backend.tests.test_hack_and_npcs.TestRegression" name="test_skills" time="0.051" /><testcase classname="backend.tests.test_hack_and_npcs.TestRegression" name="test_achievements" time="0.050" /><testcase classname="backend.tests.test_hack_and_npcs.TestRegression" name="test_daily" time="0.055" /><testcase classname="backend.tests.test_hack_and_npcs.TestRegression" name="test_leaderboard" time="0.050" /><testcase classname="backend.tests.test_hack_and_npcs.TestRegression" name="test_combat" time="0.054" /><testcase classname="backend.tests.test_hack_and_npcs.TestRegression" name="test_npc_history" time="0.055" /><testcase classname="backend.tests.test_hack_and_npcs.TestNPCs" name="test_list_includes_new" time="0.050" /><testcase classname="backend.tests.test_hack_and_npcs.TestNPCs" name="test_npc_chat" time="5.376" /><testcase classname="backend.tests.test_hack_and_npcs.TestNPCs" name="test_persuade_valid" time="3.144" /><testcase classname="backend.tests.test_hack_and_npcs.TestNPCs" name="test_persuade_invalid_approach" time="0.050" /><testcase classname="backend.tests.test_hack_and_npcs.TestMessenger" name="test_seed_and_inbox" time="0.103" /><testcase classname="backend.tests.test_hack_and_npcs.TestMessenger" name="test_mark_read" time="0.099" /><testcase classname="backend.tests.test_hack_and_npcs.TestHack" name="test_targets" time="0.051" /><testcase classname="backend.tests.test_hack_and_npcs.TestHack" name="test_full_chain_and_complete" time="1.238" /><testcase classname="backend.tests.test_hack_and_npcs.TestHack" name="test_terminal_misc_commands" time="0.510" /></testsuite></testsuites>